<?xml version="1.0" encoding="UTF-8"?>
<!-- Generated by org.testng.reporters.JUnitReportReporter -->
<testsuite hostname="LAPTOP-BV7LNHC5" failures="0" tests="2" name="com.qatools.tests.Elements" time="8.512" errors="0" timestamp="2021-03-21T16:45:44 IST" skipped="0">
  <testcase classname="com.qatools.tests.Elements" name="textBox" time="4.243"/>
  <system-out/>
  <testcase classname="com.qatools.tests.Elements" name="textBox" time="4.269"/>
  <system-out/>
</testsuite> <!-- com.qatools.tests.Elements -->
