<?xml version="1.0" encoding="UTF-8"?>
<!-- Generated by org.testng.reporters.JUnitReportReporter -->
<testsuite hostname="LAPTOP-BV7LNHC5" failures="0" tests="1" name="com.qatools.tests.First" time="3.458" errors="0" timestamp="2021-03-15T15:35:36 IST" skipped="0">
  <testcase classname="com.qatools.tests.First" name="testMethod" time="3.458"/>
  <system-out/>
</testsuite> <!-- com.qatools.tests.First -->
