<?xml version="1.0" encoding="UTF-8"?>
<!-- Generated by org.testng.reporters.JUnitReportReporter -->
<testsuite hostname="LAPTOP-BV7LNHC5" failures="0" tests="2" name="com.qatools.tests.First" time="32.279" errors="0" timestamp="2021-03-21T10:50:29 IST" skipped="0">
  <testcase classname="com.qatools.tests.First" name="testMethod2" time="16.152"/>
  <system-out/>
  <testcase classname="com.qatools.tests.First" name="testMethod" time="16.127"/>
  <system-out/>
</testsuite> <!-- com.qatools.tests.First -->
