<?xml version="1.0" encoding="UTF-8"?>
<!-- Generated by org.testng.reporters.JUnitReportReporter -->
<testsuite hostname="LAPTOP-BV7LNHC5" failures="0" tests="4" name="com.qatools.tests.Elements" time="29.975" errors="0" timestamp="2021-03-22T08:55:00 IST" skipped="0">
  <testcase classname="com.qatools.tests.Elements" name="textBox" time="8.735"/>
  <system-out/>
  <testcase classname="com.qatools.tests.Elements" name="textBox" time="8.841"/>
  <system-out/>
  <testcase classname="com.qatools.tests.Elements" name="checkBox" time="6.543"/>
  <system-out/>
  <testcase classname="com.qatools.tests.Elements" name="checkBox" time="5.856"/>
  <system-out/>
</testsuite> <!-- com.qatools.tests.Elements -->
