<?xml version="1.0" encoding="UTF-8"?>
<!-- Generated by org.testng.reporters.JUnitReportReporter -->
<testsuite hostname="LAPTOP-BV7LNHC5" failures="0" tests="4" name="com.qatools.tests.Elements" time="33.814" errors="0" timestamp="2021-03-21T21:45:23 IST" skipped="0">
  <testcase classname="com.qatools.tests.Elements" name="textBox" time="9.717"/>
  <system-out/>
  <testcase classname="com.qatools.tests.Elements" name="textBox" time="8.449"/>
  <system-out/>
  <testcase classname="com.qatools.tests.Elements" name="checkBox" time="7.659"/>
  <system-out/>
  <testcase classname="com.qatools.tests.Elements" name="checkBox" time="7.989"/>
  <system-out/>
</testsuite> <!-- com.qatools.tests.Elements -->
